<?xml version="1.0" encoding="UTF-8"?>
<testng-results skipped="0" failed="0" total="1" passed="1">
  <reporter-output>
  </reporter-output>
  <suite name="Default suite" duration-ms="4596" started-at="2016-01-28T07:17:13Z" finished-at="2016-01-28T07:17:18Z">
    <groups>
    </groups>
    <test name="Default test" duration-ms="4596" started-at="2016-01-28T07:17:13Z" finished-at="2016-01-28T07:17:18Z">
      <class name="uk.org.mnb.harvester.tests.Simpletest">
        <test-method status="PASS" signature="main()[pri:0, instance:uk.org.mnb.harvester.tests.Simpletest@1134affc]" name="main" duration-ms="4596" started-at="2016-01-28T07:17:13Z" finished-at="2016-01-28T07:17:18Z">
          <reporter-output>
          </reporter-output>
        </test-method> <!-- main -->
      </class> <!-- uk.org.mnb.harvester.tests.Simpletest -->
    </test> <!-- Default test -->
  </suite> <!-- Default suite -->
</testng-results>
